0 info it worked if it ends with ok
1 verbose cli [ 'C:\\Program Files\\nodejs\\node.exe',
1 verbose cli   'C:\\Program Files\\nodejs\\node_modules\\npm\\bin\\npm-cli.js',
1 verbose cli   'start' ]
2 info using npm@3.10.8
3 info using node@v6.9.1
4 verbose run-script [ 'prestart', 'start', 'poststart' ]
5 info lifecycle fabricator@1.2.2~prestart: fabricator@1.2.2
6 verbose lifecycle fabricator@1.2.2~prestart: unsafe-perm in lifecycle true
7 verbose lifecycle fabricator@1.2.2~prestart: PATH: C:\Program Files\nodejs\node_modules\npm\bin\node-gyp-bin;G:\Dropbox\Amplify\Repositories\fabricator\node_modules\.bin;C:\Program Files (x86)\NVIDIA Corporation\PhysX\Common;c:\windows\system32;c:\windows;c:\windows\system32\wbem;c:\windows\system32\windowspowershell\v1.0\;c:\program files (x86)\skype\phone\;C:\Program Files\Git\cmd;G:\Dropbox\Amplify\amplify-ui-toolkit\node_modules\.bin;C:\Program Files\nodejs\;C:\Users\Josh\AppData\Roaming\npm
8 verbose lifecycle fabricator@1.2.2~prestart: CWD: G:\Dropbox\Amplify\Repositories\fabricator
9 silly lifecycle fabricator@1.2.2~prestart: Args: [ '/d /s /c', 'npm install' ]
10 silly lifecycle fabricator@1.2.2~prestart: Returned: code: 0  signal: null
11 info lifecycle fabricator@1.2.2~start: fabricator@1.2.2
12 verbose lifecycle fabricator@1.2.2~start: unsafe-perm in lifecycle true
13 verbose lifecycle fabricator@1.2.2~start: PATH: C:\Program Files\nodejs\node_modules\npm\bin\node-gyp-bin;G:\Dropbox\Amplify\Repositories\fabricator\node_modules\.bin;C:\Program Files (x86)\NVIDIA Corporation\PhysX\Common;c:\windows\system32;c:\windows;c:\windows\system32\wbem;c:\windows\system32\windowspowershell\v1.0\;c:\program files (x86)\skype\phone\;C:\Program Files\Git\cmd;G:\Dropbox\Amplify\amplify-ui-toolkit\node_modules\.bin;C:\Program Files\nodejs\;C:\Users\Josh\AppData\Roaming\npm
14 verbose lifecycle fabricator@1.2.2~start: CWD: G:\Dropbox\Amplify\Repositories\fabricator
15 silly lifecycle fabricator@1.2.2~start: Args: [ '/d /s /c', 'gulp --dev' ]
16 silly lifecycle fabricator@1.2.2~start: Returned: code: 1  signal: null
17 info lifecycle fabricator@1.2.2~start: Failed to exec start script
18 verbose stack Error: fabricator@1.2.2 start: `gulp --dev`
18 verbose stack Exit status 1
18 verbose stack     at EventEmitter.<anonymous> (C:\Program Files\nodejs\node_modules\npm\lib\utils\lifecycle.js:255:16)
18 verbose stack     at emitTwo (events.js:106:13)
18 verbose stack     at EventEmitter.emit (events.js:191:7)
18 verbose stack     at ChildProcess.<anonymous> (C:\Program Files\nodejs\node_modules\npm\lib\utils\spawn.js:40:14)
18 verbose stack     at emitTwo (events.js:106:13)
18 verbose stack     at ChildProcess.emit (events.js:191:7)
18 verbose stack     at maybeClose (internal/child_process.js:877:16)
18 verbose stack     at Process.ChildProcess._handle.onexit (internal/child_process.js:226:5)
19 verbose pkgid fabricator@1.2.2
20 verbose cwd G:\Dropbox\Amplify\Repositories\fabricator
21 error Windows_NT 6.1.7601
22 error argv "C:\\Program Files\\nodejs\\node.exe" "C:\\Program Files\\nodejs\\node_modules\\npm\\bin\\npm-cli.js" "start"
23 error node v6.9.1
24 error npm  v3.10.8
25 error code ELIFECYCLE
26 error fabricator@1.2.2 start: `gulp --dev`
26 error Exit status 1
27 error Failed at the fabricator@1.2.2 start script 'gulp --dev'.
27 error Make sure you have the latest version of node.js and npm installed.
27 error If you do, this is most likely a problem with the fabricator package,
27 error not with npm itself.
27 error Tell the author that this fails on your system:
27 error     gulp --dev
27 error You can get information on how to open an issue for this project with:
27 error     npm bugs fabricator
27 error Or if that isn't available, you can get their info via:
27 error     npm owner ls fabricator
27 error There is likely additional logging output above.
28 verbose exit [ 1, true ]
